<?xml version="1.0" encoding="UTF-8" ?>
<testsuite tests="18" failures="0" name="com.basic.MyFirstSelenium.RunnerFirstSeleniumScriptTest" time="0.055" errors="4" skipped="8">
  <properties>
[...]
</properties>
  <testcase classname="Scenario: test all tabs on home page" name="Given User Opens seleniumhq website" time="0"/>
  <testcase classname="Scenario: test all tabs on home page" name="When user click on &quot;Project&quot; tab" time="0.002">
    <error message="invalid selector: Unable to locate an element with the xpath expression  because of the following error:
SyntaxError: Failed to execute &apos;evaluate&apos; on &apos;Document&apos;: The string &apos;&apos; is not a valid XPath expression.
  (Session info: chrome=76.0.3809.100)
For documentation on this error, please visit: http://seleniumhq.org/exceptions/invalid_selector_exception.html
Build info: version: &apos;3.5.2&apos;, revision: &apos;10229a9&apos;, time: &apos;2017-08-21T17:29:55.15Z&apos;
System info: host: &apos;DESKTOP-TBR9N1S&apos;, ip: &apos;192.168.1.27&apos;, os.name: &apos;Windows 10&apos;, os.arch: &apos;amd64&apos;, os.version: &apos;10.0&apos;, java.version: &apos;1.8.0_191&apos;
Driver info: org.openqa.selenium.chrome.ChromeDriver
Capabilities [{networkConnectionEnabled=false, chrome={chromedriverVersion=75.0.3770.140 (2d9f97485c7b07dc18a74666574f19176731995c-refs/branch-heads/3770@{#1155}), userDataDir=C:\Users\dell\AppData\Local\Temp\scoped_dir16876_15289}, timeouts={implicit=0, pageLoad=300000, script=30000}, pageLoadStrategy=normal, unhandledPromptBehavior=dismiss and notify, strictFileInteractability=false, platform=ANY, proxy=Proxy(), goog:chromeOptions={debuggerAddress=localhost:55823}, acceptInsecureCerts=false, browserVersion=76.0.3809.100, browserName=chrome, javascriptEnabled=true, platformName=windows nt, setWindowRect=true}]
Session ID: ace8c5663f276401f72a7697af0bc596
*** Element info: {Using=xpath, value=}" type="org.openqa.selenium.InvalidSelectorException">org.openqa.selenium.InvalidSelectorException: invalid selector: Unable to locate an element with the xpath expression  because of the following error:
SyntaxError: Failed to execute &apos;evaluate&apos; on &apos;Document&apos;: The string &apos;&apos; is not a valid XPath expression.
  (Session info: chrome=76.0.3809.100)
For documentation on this error, please visit: http://seleniumhq.org/exceptions/invalid_selector_exception.html
Build info: version: &apos;3.5.2&apos;, revision: &apos;10229a9&apos;, time: &apos;2017-08-21T17:29:55.15Z&apos;
System info: host: &apos;DESKTOP-TBR9N1S&apos;, ip: &apos;192.168.1.27&apos;, os.name: &apos;Windows 10&apos;, os.arch: &apos;amd64&apos;, os.version: &apos;10.0&apos;, java.version: &apos;1.8.0_191&apos;
Driver info: org.openqa.selenium.chrome.ChromeDriver
Capabilities [{networkConnectionEnabled=false, chrome={chromedriverVersion=75.0.3770.140 (2d9f97485c7b07dc18a74666574f19176731995c-refs/branch-heads/3770@{#1155}), userDataDir=C:\Users\dell\AppData\Local\Temp\scoped_dir16876_15289}, timeouts={implicit=0, pageLoad=300000, script=30000}, pageLoadStrategy=normal, unhandledPromptBehavior=dismiss and notify, strictFileInteractability=false, platform=ANY, proxy=Proxy(), goog:chromeOptions={debuggerAddress=localhost:55823}, acceptInsecureCerts=false, browserVersion=76.0.3809.100, browserName=chrome, javascriptEnabled=true, platformName=windows nt, setWindowRect=true}]
Session ID: ace8c5663f276401f72a7697af0bc596
*** Element info: {Using=xpath, value=}
	at sun.reflect.NativeConstructorAccessorImpl.newInstance0(Native Method)
	at sun.reflect.NativeConstructorAccessorImpl.newInstance(Unknown Source)
	at sun.reflect.DelegatingConstructorAccessorImpl.newInstance(Unknown Source)
	at java.lang.reflect.Constructor.newInstance(Unknown Source)
	at org.openqa.selenium.remote.http.W3CHttpResponseCodec.createException(W3CHttpResponseCodec.java:185)
	at org.openqa.selenium.remote.http.W3CHttpResponseCodec.decode(W3CHttpResponseCodec.java:120)
	at org.openqa.selenium.remote.http.W3CHttpResponseCodec.decode(W3CHttpResponseCodec.java:49)
	at org.openqa.selenium.remote.HttpCommandExecutor.execute(HttpCommandExecutor.java:164)
	at org.openqa.selenium.remote.service.DriverCommandExecutor.execute(DriverCommandExecutor.java:82)
	at org.openqa.selenium.remote.RemoteWebDriver.execute(RemoteWebDriver.java:641)
	at org.openqa.selenium.remote.RemoteWebDriver.findElement(RemoteWebDriver.java:414)
	at org.openqa.selenium.remote.RemoteWebDriver.findElementByXPath(RemoteWebDriver.java:513)
	at org.openqa.selenium.By$ByXPath.findElement(By.java:361)
	at org.openqa.selenium.remote.RemoteWebDriver.findElement(RemoteWebDriver.java:406)
	at com.basic.MyFirstSelenium.FirstSeleniumScriptSD.user_click_on_Project_tab(FirstSeleniumScriptSD.java:26)
	at ✽.When user click on &quot;Project&quot; tab(src/test/resources/com/basic/MyFirstSelenium/FirstSeleniumScriptFF.feature:5)
</error>
    <system-out>tab name = Project
</system-out>
  </testcase>
  <testcase classname="Scenario: test all tabs on home page" name="Scenario: test all tabs on home page" time="0.003">
    <error message="invalid selector: Unable to locate an element with the xpath expression  because of the following error:
SyntaxError: Failed to execute &apos;evaluate&apos; on &apos;Document&apos;: The string &apos;&apos; is not a valid XPath expression.
  (Session info: chrome=76.0.3809.100)
For documentation on this error, please visit: http://seleniumhq.org/exceptions/invalid_selector_exception.html
Build info: version: &apos;3.5.2&apos;, revision: &apos;10229a9&apos;, time: &apos;2017-08-21T17:29:55.15Z&apos;
System info: host: &apos;DESKTOP-TBR9N1S&apos;, ip: &apos;192.168.1.27&apos;, os.name: &apos;Windows 10&apos;, os.arch: &apos;amd64&apos;, os.version: &apos;10.0&apos;, java.version: &apos;1.8.0_191&apos;
Driver info: org.openqa.selenium.chrome.ChromeDriver
Capabilities [{networkConnectionEnabled=false, chrome={chromedriverVersion=75.0.3770.140 (2d9f97485c7b07dc18a74666574f19176731995c-refs/branch-heads/3770@{#1155}), userDataDir=C:\Users\dell\AppData\Local\Temp\scoped_dir16876_15289}, timeouts={implicit=0, pageLoad=300000, script=30000}, pageLoadStrategy=normal, unhandledPromptBehavior=dismiss and notify, strictFileInteractability=false, platform=ANY, proxy=Proxy(), goog:chromeOptions={debuggerAddress=localhost:55823}, acceptInsecureCerts=false, browserVersion=76.0.3809.100, browserName=chrome, javascriptEnabled=true, platformName=windows nt, setWindowRect=true}]
Session ID: ace8c5663f276401f72a7697af0bc596
*** Element info: {Using=xpath, value=}" type="org.openqa.selenium.InvalidSelectorException">org.openqa.selenium.InvalidSelectorException: invalid selector: Unable to locate an element with the xpath expression  because of the following error:
SyntaxError: Failed to execute &apos;evaluate&apos; on &apos;Document&apos;: The string &apos;&apos; is not a valid XPath expression.
  (Session info: chrome=76.0.3809.100)
For documentation on this error, please visit: http://seleniumhq.org/exceptions/invalid_selector_exception.html
Build info: version: &apos;3.5.2&apos;, revision: &apos;10229a9&apos;, time: &apos;2017-08-21T17:29:55.15Z&apos;
System info: host: &apos;DESKTOP-TBR9N1S&apos;, ip: &apos;192.168.1.27&apos;, os.name: &apos;Windows 10&apos;, os.arch: &apos;amd64&apos;, os.version: &apos;10.0&apos;, java.version: &apos;1.8.0_191&apos;
Driver info: org.openqa.selenium.chrome.ChromeDriver
Capabilities [{networkConnectionEnabled=false, chrome={chromedriverVersion=75.0.3770.140 (2d9f97485c7b07dc18a74666574f19176731995c-refs/branch-heads/3770@{#1155}), userDataDir=C:\Users\dell\AppData\Local\Temp\scoped_dir16876_15289}, timeouts={implicit=0, pageLoad=300000, script=30000}, pageLoadStrategy=normal, unhandledPromptBehavior=dismiss and notify, strictFileInteractability=false, platform=ANY, proxy=Proxy(), goog:chromeOptions={debuggerAddress=localhost:55823}, acceptInsecureCerts=false, browserVersion=76.0.3809.100, browserName=chrome, javascriptEnabled=true, platformName=windows nt, setWindowRect=true}]
Session ID: ace8c5663f276401f72a7697af0bc596
*** Element info: {Using=xpath, value=}
	at sun.reflect.NativeConstructorAccessorImpl.newInstance0(Native Method)
	at sun.reflect.NativeConstructorAccessorImpl.newInstance(Unknown Source)
	at sun.reflect.DelegatingConstructorAccessorImpl.newInstance(Unknown Source)
	at java.lang.reflect.Constructor.newInstance(Unknown Source)
	at org.openqa.selenium.remote.http.W3CHttpResponseCodec.createException(W3CHttpResponseCodec.java:185)
	at org.openqa.selenium.remote.http.W3CHttpResponseCodec.decode(W3CHttpResponseCodec.java:120)
	at org.openqa.selenium.remote.http.W3CHttpResponseCodec.decode(W3CHttpResponseCodec.java:49)
	at org.openqa.selenium.remote.HttpCommandExecutor.execute(HttpCommandExecutor.java:164)
	at org.openqa.selenium.remote.service.DriverCommandExecutor.execute(DriverCommandExecutor.java:82)
	at org.openqa.selenium.remote.RemoteWebDriver.execute(RemoteWebDriver.java:641)
	at org.openqa.selenium.remote.RemoteWebDriver.findElement(RemoteWebDriver.java:414)
	at org.openqa.selenium.remote.RemoteWebDriver.findElementByXPath(RemoteWebDriver.java:513)
	at org.openqa.selenium.By$ByXPath.findElement(By.java:361)
	at org.openqa.selenium.remote.RemoteWebDriver.findElement(RemoteWebDriver.java:406)
	at com.basic.MyFirstSelenium.FirstSeleniumScriptSD.user_click_on_Project_tab(FirstSeleniumScriptSD.java:26)
	at ✽.When user click on &quot;Project&quot; tab(src/test/resources/com/basic/MyFirstSelenium/FirstSeleniumScriptFF.feature:5)
</error>
  </testcase>
  <testcase classname="Scenario: test all tabs on home page" name="Then user checks About tab" time="0.005">
    <skipped/>
  </testcase>
  <testcase classname="Scenario: test all tabs on home page22" name="Given User Opens seleniumhq website" time="0"/>
  <testcase classname="Scenario: test all tabs on home page22" name="When user click on &quot;Documenation&quot; tab" time="0.004">
    <error message="invalid selector: Unable to locate an element with the xpath expression  because of the following error:
SyntaxError: Failed to execute &apos;evaluate&apos; on &apos;Document&apos;: The string &apos;&apos; is not a valid XPath expression.
  (Session info: chrome=76.0.3809.100)
For documentation on this error, please visit: http://seleniumhq.org/exceptions/invalid_selector_exception.html
Build info: version: &apos;3.5.2&apos;, revision: &apos;10229a9&apos;, time: &apos;2017-08-21T17:29:55.15Z&apos;
System info: host: &apos;DESKTOP-TBR9N1S&apos;, ip: &apos;192.168.1.27&apos;, os.name: &apos;Windows 10&apos;, os.arch: &apos;amd64&apos;, os.version: &apos;10.0&apos;, java.version: &apos;1.8.0_191&apos;
Driver info: org.openqa.selenium.chrome.ChromeDriver
Capabilities [{networkConnectionEnabled=false, chrome={chromedriverVersion=75.0.3770.140 (2d9f97485c7b07dc18a74666574f19176731995c-refs/branch-heads/3770@{#1155}), userDataDir=C:\Users\dell\AppData\Local\Temp\scoped_dir14288_30947}, timeouts={implicit=0, pageLoad=300000, script=30000}, pageLoadStrategy=normal, unhandledPromptBehavior=dismiss and notify, strictFileInteractability=false, platform=ANY, proxy=Proxy(), goog:chromeOptions={debuggerAddress=localhost:55894}, acceptInsecureCerts=false, browserVersion=76.0.3809.100, browserName=chrome, javascriptEnabled=true, platformName=windows nt, setWindowRect=true}]
Session ID: 7241dd02aede8f20d5b85438646b9e38
*** Element info: {Using=xpath, value=}" type="org.openqa.selenium.InvalidSelectorException">org.openqa.selenium.InvalidSelectorException: invalid selector: Unable to locate an element with the xpath expression  because of the following error:
SyntaxError: Failed to execute &apos;evaluate&apos; on &apos;Document&apos;: The string &apos;&apos; is not a valid XPath expression.
  (Session info: chrome=76.0.3809.100)
For documentation on this error, please visit: http://seleniumhq.org/exceptions/invalid_selector_exception.html
Build info: version: &apos;3.5.2&apos;, revision: &apos;10229a9&apos;, time: &apos;2017-08-21T17:29:55.15Z&apos;
System info: host: &apos;DESKTOP-TBR9N1S&apos;, ip: &apos;192.168.1.27&apos;, os.name: &apos;Windows 10&apos;, os.arch: &apos;amd64&apos;, os.version: &apos;10.0&apos;, java.version: &apos;1.8.0_191&apos;
Driver info: org.openqa.selenium.chrome.ChromeDriver
Capabilities [{networkConnectionEnabled=false, chrome={chromedriverVersion=75.0.3770.140 (2d9f97485c7b07dc18a74666574f19176731995c-refs/branch-heads/3770@{#1155}), userDataDir=C:\Users\dell\AppData\Local\Temp\scoped_dir14288_30947}, timeouts={implicit=0, pageLoad=300000, script=30000}, pageLoadStrategy=normal, unhandledPromptBehavior=dismiss and notify, strictFileInteractability=false, platform=ANY, proxy=Proxy(), goog:chromeOptions={debuggerAddress=localhost:55894}, acceptInsecureCerts=false, browserVersion=76.0.3809.100, browserName=chrome, javascriptEnabled=true, platformName=windows nt, setWindowRect=true}]
Session ID: 7241dd02aede8f20d5b85438646b9e38
*** Element info: {Using=xpath, value=}
	at sun.reflect.NativeConstructorAccessorImpl.newInstance0(Native Method)
	at sun.reflect.NativeConstructorAccessorImpl.newInstance(Unknown Source)
	at sun.reflect.DelegatingConstructorAccessorImpl.newInstance(Unknown Source)
	at java.lang.reflect.Constructor.newInstance(Unknown Source)
	at org.openqa.selenium.remote.http.W3CHttpResponseCodec.createException(W3CHttpResponseCodec.java:185)
	at org.openqa.selenium.remote.http.W3CHttpResponseCodec.decode(W3CHttpResponseCodec.java:120)
	at org.openqa.selenium.remote.http.W3CHttpResponseCodec.decode(W3CHttpResponseCodec.java:49)
	at org.openqa.selenium.remote.HttpCommandExecutor.execute(HttpCommandExecutor.java:164)
	at org.openqa.selenium.remote.service.DriverCommandExecutor.execute(DriverCommandExecutor.java:82)
	at org.openqa.selenium.remote.RemoteWebDriver.execute(RemoteWebDriver.java:641)
	at org.openqa.selenium.remote.RemoteWebDriver.findElement(RemoteWebDriver.java:414)
	at org.openqa.selenium.remote.RemoteWebDriver.findElementByXPath(RemoteWebDriver.java:513)
	at org.openqa.selenium.By$ByXPath.findElement(By.java:361)
	at org.openqa.selenium.remote.RemoteWebDriver.findElement(RemoteWebDriver.java:406)
	at com.basic.MyFirstSelenium.FirstSeleniumScriptSD.user_click_on_Project_tab(FirstSeleniumScriptSD.java:26)
	at ✽.When user click on &quot;Documenation&quot; tab(src/test/resources/com/basic/MyFirstSelenium/FirstSeleniumScriptFF.feature:10)
</error>
    <system-out>tab name = Documenation
</system-out>
  </testcase>
  <testcase classname="Scenario: test all tabs on home page22" name="Scenario: test all tabs on home page22" time="0.004">
    <error message="invalid selector: Unable to locate an element with the xpath expression  because of the following error:
SyntaxError: Failed to execute &apos;evaluate&apos; on &apos;Document&apos;: The string &apos;&apos; is not a valid XPath expression.
  (Session info: chrome=76.0.3809.100)
For documentation on this error, please visit: http://seleniumhq.org/exceptions/invalid_selector_exception.html
Build info: version: &apos;3.5.2&apos;, revision: &apos;10229a9&apos;, time: &apos;2017-08-21T17:29:55.15Z&apos;
System info: host: &apos;DESKTOP-TBR9N1S&apos;, ip: &apos;192.168.1.27&apos;, os.name: &apos;Windows 10&apos;, os.arch: &apos;amd64&apos;, os.version: &apos;10.0&apos;, java.version: &apos;1.8.0_191&apos;
Driver info: org.openqa.selenium.chrome.ChromeDriver
Capabilities [{networkConnectionEnabled=false, chrome={chromedriverVersion=75.0.3770.140 (2d9f97485c7b07dc18a74666574f19176731995c-refs/branch-heads/3770@{#1155}), userDataDir=C:\Users\dell\AppData\Local\Temp\scoped_dir14288_30947}, timeouts={implicit=0, pageLoad=300000, script=30000}, pageLoadStrategy=normal, unhandledPromptBehavior=dismiss and notify, strictFileInteractability=false, platform=ANY, proxy=Proxy(), goog:chromeOptions={debuggerAddress=localhost:55894}, acceptInsecureCerts=false, browserVersion=76.0.3809.100, browserName=chrome, javascriptEnabled=true, platformName=windows nt, setWindowRect=true}]
Session ID: 7241dd02aede8f20d5b85438646b9e38
*** Element info: {Using=xpath, value=}" type="org.openqa.selenium.InvalidSelectorException">org.openqa.selenium.InvalidSelectorException: invalid selector: Unable to locate an element with the xpath expression  because of the following error:
SyntaxError: Failed to execute &apos;evaluate&apos; on &apos;Document&apos;: The string &apos;&apos; is not a valid XPath expression.
  (Session info: chrome=76.0.3809.100)
For documentation on this error, please visit: http://seleniumhq.org/exceptions/invalid_selector_exception.html
Build info: version: &apos;3.5.2&apos;, revision: &apos;10229a9&apos;, time: &apos;2017-08-21T17:29:55.15Z&apos;
System info: host: &apos;DESKTOP-TBR9N1S&apos;, ip: &apos;192.168.1.27&apos;, os.name: &apos;Windows 10&apos;, os.arch: &apos;amd64&apos;, os.version: &apos;10.0&apos;, java.version: &apos;1.8.0_191&apos;
Driver info: org.openqa.selenium.chrome.ChromeDriver
Capabilities [{networkConnectionEnabled=false, chrome={chromedriverVersion=75.0.3770.140 (2d9f97485c7b07dc18a74666574f19176731995c-refs/branch-heads/3770@{#1155}), userDataDir=C:\Users\dell\AppData\Local\Temp\scoped_dir14288_30947}, timeouts={implicit=0, pageLoad=300000, script=30000}, pageLoadStrategy=normal, unhandledPromptBehavior=dismiss and notify, strictFileInteractability=false, platform=ANY, proxy=Proxy(), goog:chromeOptions={debuggerAddress=localhost:55894}, acceptInsecureCerts=false, browserVersion=76.0.3809.100, browserName=chrome, javascriptEnabled=true, platformName=windows nt, setWindowRect=true}]
Session ID: 7241dd02aede8f20d5b85438646b9e38
*** Element info: {Using=xpath, value=}
	at sun.reflect.NativeConstructorAccessorImpl.newInstance0(Native Method)
	at sun.reflect.NativeConstructorAccessorImpl.newInstance(Unknown Source)
	at sun.reflect.DelegatingConstructorAccessorImpl.newInstance(Unknown Source)
	at java.lang.reflect.Constructor.newInstance(Unknown Source)
	at org.openqa.selenium.remote.http.W3CHttpResponseCodec.createException(W3CHttpResponseCodec.java:185)
	at org.openqa.selenium.remote.http.W3CHttpResponseCodec.decode(W3CHttpResponseCodec.java:120)
	at org.openqa.selenium.remote.http.W3CHttpResponseCodec.decode(W3CHttpResponseCodec.java:49)
	at org.openqa.selenium.remote.HttpCommandExecutor.execute(HttpCommandExecutor.java:164)
	at org.openqa.selenium.remote.service.DriverCommandExecutor.execute(DriverCommandExecutor.java:82)
	at org.openqa.selenium.remote.RemoteWebDriver.execute(RemoteWebDriver.java:641)
	at org.openqa.selenium.remote.RemoteWebDriver.findElement(RemoteWebDriver.java:414)
	at org.openqa.selenium.remote.RemoteWebDriver.findElementByXPath(RemoteWebDriver.java:513)
	at org.openqa.selenium.By$ByXPath.findElement(By.java:361)
	at org.openqa.selenium.remote.RemoteWebDriver.findElement(RemoteWebDriver.java:406)
	at com.basic.MyFirstSelenium.FirstSeleniumScriptSD.user_click_on_Project_tab(FirstSeleniumScriptSD.java:26)
	at ✽.When user click on &quot;Documenation&quot; tab(src/test/resources/com/basic/MyFirstSelenium/FirstSeleniumScriptFF.feature:10)
</error>
  </testcase>
  <testcase classname="Scenario: test all tabs on home page22" name="Then user checks About tab" time="0.004">
    <skipped/>
  </testcase>
  <testcase classname="Scenario: test all tabs on home page33" name="Given User Opens seleniumhq website" time="0"/>
  <testcase classname="Scenario: test all tabs on home page33" name="When user click on Project tab" time="0.002">
    <skipped/>
  </testcase>
  <testcase classname="Scenario: test all tabs on home page33" name="Then user checks About tab" time="0.003">
    <skipped/>
  </testcase>
  <testcase classname="Scenario: test all tabs on home page33" name="Scenario: test all tabs on home page33" time="0.004">
    <skipped/>
  </testcase>
  <testcase classname="Scenario: test all tabs on home page33" name="Scenario: test all tabs on home page33" time="0.004"/>
  <testcase classname="Scenario: test all tabs on home page44" name="Given User Opens seleniumhq website" time="0"/>
  <testcase classname="Scenario: test all tabs on home page44" name="When user click on Project tab" time="0.003">
    <skipped/>
  </testcase>
  <testcase classname="Scenario: test all tabs on home page44" name="Then user checks About tab" time="0.005">
    <skipped/>
  </testcase>
  <testcase classname="Scenario: test all tabs on home page44" name="Scenario: test all tabs on home page44" time="0.006">
    <skipped/>
  </testcase>
  <testcase classname="Scenario: test all tabs on home page44" name="Scenario: test all tabs on home page44" time="0.006"/>
</testsuite>